*** Start analyzing build configuration ***
*** List of included argument files ***
    Build configuration file:  C:\Users\lxy\Desktop\UVM\fetch_tb\.dvt\default.build
*** List of invocations ***
Invocation #1 +dvt_init+dvt in C:\Users\lxy\Desktop\UVM\fetch_tb\.dvt\default.build at line 9
*** Done analyzing build configuration [5 ms] ***
*** Start SystemVerilog build ***
*** Loading top files ***
Loading (1) E:\dvt\D-V-T Install package\dvt_eclipse\predefined_projects\libs\uvm-1.2\src\uvm_pkg.sv ...
Loading (2) E:\dvt\D-V-T Install package\dvt_eclipse\predefined_projects\libs\uvm-1.2\src\uvm_macros.svh ...
Loading (3) E:\dvt\D-V-T Install package\dvt_eclipse\predefined_projects\libs\uvm-1.2\src\macros\uvm_version_defines.svh ...
Done E:\dvt\D-V-T Install package\dvt_eclipse\predefined_projects\libs\uvm-1.2\src\macros\uvm_version_defines.svh [60 ms, 151 lines, SystemVerilog_2012] ...
Loading (4) E:\dvt\D-V-T Install package\dvt_eclipse\predefined_projects\libs\uvm-1.2\src\macros\uvm_global_defines.svh ...
Done E:\dvt\D-V-T Install package\dvt_eclipse\predefined_projects\libs\uvm-1.2\src\macros\uvm_global_defines.svh [0 ms, 61 lines, SystemVerilog_2012] ...
Loading (5) E:\dvt\D-V-T Install package\dvt_eclipse\predefined_projects\libs\uvm-1.2\src\macros\uvm_message_defines.svh ...
Done E:\dvt\D-V-T Install package\dvt_eclipse\predefined_projects\libs\uvm-1.2\src\macros\uvm_message_defines.svh [0 ms, 539 lines, SystemVerilog_2012] ...
Loading (6) E:\dvt\D-V-T Install package\dvt_eclipse\predefined_projects\libs\uvm-1.2\src\macros\uvm_phase_defines.svh ...
Done E:\dvt\D-V-T Install package\dvt_eclipse\predefined_projects\libs\uvm-1.2\src\macros\uvm_phase_defines.svh [0 ms, 130 lines, SystemVerilog_2012] ...
Loading (7) E:\dvt\D-V-T Install package\dvt_eclipse\predefined_projects\libs\uvm-1.2\src\macros\uvm_object_defines.svh ...
Done E:\dvt\D-V-T Install package\dvt_eclipse\predefined_projects\libs\uvm-1.2\src\macros\uvm_object_defines.svh [0 ms, 3815 lines, SystemVerilog_2012] ...
Loading (8) E:\dvt\D-V-T Install package\dvt_eclipse\predefined_projects\libs\uvm-1.2\src\macros\uvm_printer_defines.svh ...
Done E:\dvt\D-V-T Install package\dvt_eclipse\predefined_projects\libs\uvm-1.2\src\macros\uvm_printer_defines.svh [0 ms, 423 lines, SystemVerilog_2012] ...
Loading (9) E:\dvt\D-V-T Install package\dvt_eclipse\predefined_projects\libs\uvm-1.2\src\macros\uvm_tlm_defines.svh ...
Loading (10) E:\dvt\D-V-T Install package\dvt_eclipse\predefined_projects\libs\uvm-1.2\src\tlm1\uvm_tlm_imps.svh ...
Done E:\dvt\D-V-T Install package\dvt_eclipse\predefined_projects\libs\uvm-1.2\src\tlm1\uvm_tlm_imps.svh [0 ms, 229 lines, SystemVerilog_2012] ...
Done E:\dvt\D-V-T Install package\dvt_eclipse\predefined_projects\libs\uvm-1.2\src\macros\uvm_tlm_defines.svh [0 ms, 617 lines, SystemVerilog_2012] ...
Loading (11) E:\dvt\D-V-T Install package\dvt_eclipse\predefined_projects\libs\uvm-1.2\src\macros\uvm_sequence_defines.svh ...
Done E:\dvt\D-V-T Install package\dvt_eclipse\predefined_projects\libs\uvm-1.2\src\macros\uvm_sequence_defines.svh [0 ms, 456 lines, SystemVerilog_2012] ...
Loading (12) E:\dvt\D-V-T Install package\dvt_eclipse\predefined_projects\libs\uvm-1.2\src\macros\uvm_callback_defines.svh ...
Done E:\dvt\D-V-T Install package\dvt_eclipse\predefined_projects\libs\uvm-1.2\src\macros\uvm_callback_defines.svh [0 ms, 301 lines, SystemVerilog_2012] ...
Loading (13) E:\dvt\D-V-T Install package\dvt_eclipse\predefined_projects\libs\uvm-1.2\src\macros\uvm_reg_defines.svh ...
Done E:\dvt\D-V-T Install package\dvt_eclipse\predefined_projects\libs\uvm-1.2\src\macros\uvm_reg_defines.svh [0 ms, 69 lines, SystemVerilog_2012] ...
Loading (14) E:\dvt\D-V-T Install package\dvt_eclipse\predefined_projects\libs\uvm-1.2\src\macros\uvm_deprecated_defines.svh ...
Done E:\dvt\D-V-T Install package\dvt_eclipse\predefined_projects\libs\uvm-1.2\src\macros\uvm_deprecated_defines.svh [0 ms, 252 lines, SystemVerilog_2012] ...
Done E:\dvt\D-V-T Install package\dvt_eclipse\predefined_projects\libs\uvm-1.2\src\uvm_macros.svh [0 ms, 82 lines, SystemVerilog_2012] ...
Loading (15) E:\dvt\D-V-T Install package\dvt_eclipse\predefined_projects\libs\uvm-1.2\src\dpi\uvm_dpi.svh ...
Loading (16) E:\dvt\D-V-T Install package\dvt_eclipse\predefined_projects\libs\uvm-1.2\src\dpi\uvm_hdl.svh ...
Done E:\dvt\D-V-T Install package\dvt_eclipse\predefined_projects\libs\uvm-1.2\src\dpi\uvm_hdl.svh [0 ms, 164 lines, SystemVerilog_2012] ...
Loading (17) E:\dvt\D-V-T Install package\dvt_eclipse\predefined_projects\libs\uvm-1.2\src\dpi\uvm_svcmd_dpi.svh ...
Done E:\dvt\D-V-T Install package\dvt_eclipse\predefined_projects\libs\uvm-1.2\src\dpi\uvm_svcmd_dpi.svh [1 ms, 66 lines, SystemVerilog_2012] ...
Loading (18) E:\dvt\D-V-T Install package\dvt_eclipse\predefined_projects\libs\uvm-1.2\src\dpi\uvm_regex.svh ...
Done E:\dvt\D-V-T Install package\dvt_eclipse\predefined_projects\libs\uvm-1.2\src\dpi\uvm_regex.svh [0 ms, 89 lines, SystemVerilog_2012] ...
Done E:\dvt\D-V-T Install package\dvt_eclipse\predefined_projects\libs\uvm-1.2\src\dpi\uvm_dpi.svh [0 ms, 44 lines, SystemVerilog_2012] ...
Loading (19) E:\dvt\D-V-T Install package\dvt_eclipse\predefined_projects\libs\uvm-1.2\src\base\uvm_base.svh ...
Loading (20) E:\dvt\D-V-T Install package\dvt_eclipse\predefined_projects\libs\uvm-1.2\src\base\uvm_coreservice.svh ...
Done E:\dvt\D-V-T Install package\dvt_eclipse\predefined_projects\libs\uvm-1.2\src\base\uvm_coreservice.svh [1 ms, 224 lines, SystemVerilog_2012] ...
Loading (21) E:\dvt\D-V-T Install package\dvt_eclipse\predefined_projects\libs\uvm-1.2\src\base\uvm_version.svh ...
Done E:\dvt\D-V-T Install package\dvt_eclipse\predefined_projects\libs\uvm-1.2\src\base\uvm_version.svh [0 ms, 39 lines, SystemVerilog_2012] ...
Loading (22) E:\dvt\D-V-T Install package\dvt_eclipse\predefined_projects\libs\uvm-1.2\src\base\uvm_object_globals.svh ...
Done E:\dvt\D-V-T Install package\dvt_eclipse\predefined_projects\libs\uvm-1.2\src\base\uvm_object_globals.svh [3 ms, 658 lines, SystemVerilog_2012] ...
Loading (23) E:\dvt\D-V-T Install package\dvt_eclipse\predefined_projects\libs\uvm-1.2\src\base\uvm_misc.svh ...
Done E:\dvt\D-V-T Install package\dvt_eclipse\predefined_projects\libs\uvm-1.2\src\base\uvm_misc.svh [9 ms, 754 lines, SystemVerilog_2012] ...
Loading (24) E:\dvt\D-V-T Install package\dvt_eclipse\predefined_projects\libs\uvm-1.2\src\base\uvm_object.svh ...
Done E:\dvt\D-V-T Install package\dvt_eclipse\predefined_projects\libs\uvm-1.2\src\base\uvm_object.svh [5 ms, 1331 lines, SystemVerilog_2012] ...
Loading (25) E:\dvt\D-V-T Install package\dvt_eclipse\predefined_projects\libs\uvm-1.2\src\base\uvm_pool.svh ...
Done E:\dvt\D-V-T Install package\dvt_eclipse\predefined_projects\libs\uvm-1.2\src\base\uvm_pool.svh [3 ms, 348 lines, SystemVerilog_2012] ...
Loading (26) E:\dvt\D-V-T Install package\dvt_eclipse\predefined_projects\libs\uvm-1.2\src\base\uvm_queue.svh ...
Done E:\dvt\D-V-T Install package\dvt_eclipse\predefined_projects\libs\uvm-1.2\src\base\uvm_queue.svh [1 ms, 204 lines, SystemVerilog_2012] ...
Loading (27) E:\dvt\D-V-T Install package\dvt_eclipse\predefined_projects\libs\uvm-1.2\src\base\uvm_factory.svh ...
Done E:\dvt\D-V-T Install package\dvt_eclipse\predefined_projects\libs\uvm-1.2\src\base\uvm_factory.svh [10 ms, 1790 lines, SystemVerilog_2012] ...
Loading (28) E:\dvt\D-V-T Install package\dvt_eclipse\predefined_projects\libs\uvm-1.2\src\base\uvm_registry.svh ...
Done E:\dvt\D-V-T Install package\dvt_eclipse\predefined_projects\libs\uvm-1.2\src\base\uvm_registry.svh [1 ms, 381 lines, SystemVerilog_2012] ...
Loading (29) E:\dvt\D-V-T Install package\dvt_eclipse\predefined_projects\libs\uvm-1.2\src\base\uvm_spell_chkr.svh ...
Done E:\dvt\D-V-T Install package\dvt_eclipse\predefined_projects\libs\uvm-1.2\src\base\uvm_spell_chkr.svh [1 ms, 204 lines, SystemVerilog_2012] ...
Loading (30) E:\dvt\D-V-T Install package\dvt_eclipse\predefined_projects\libs\uvm-1.2\src\base\uvm_resource.svh ...
Done E:\dvt\D-V-T Install package\dvt_eclipse\predefined_projects\libs\uvm-1.2\src\base\uvm_resource.svh [7 ms, 1695 lines, SystemVerilog_2012] ...
Loading (31) E:\dvt\D-V-T Install package\dvt_eclipse\predefined_projects\libs\uvm-1.2\src\base\uvm_resource_specializations.svh ...
Done E:\dvt\D-V-T Install package\dvt_eclipse\predefined_projects\libs\uvm-1.2\src\base\uvm_resource_specializations.svh [4 ms, 171 lines, SystemVerilog_2012] ...
Loading (32) E:\dvt\D-V-T Install package\dvt_eclipse\predefined_projects\libs\uvm-1.2\src\base\uvm_resource_db.svh ...
Done E:\dvt\D-V-T Install package\dvt_eclipse\predefined_projects\libs\uvm-1.2\src\base\uvm_resource_db.svh [4 ms, 400 lines, SystemVerilog_2012] ...
Loading (33) E:\dvt\D-V-T Install package\dvt_eclipse\predefined_projects\libs\uvm-1.2\src\base\uvm_config_db.svh ...
Done E:\dvt\D-V-T Install package\dvt_eclipse\predefined_projects\libs\uvm-1.2\src\base\uvm_config_db.svh [3 ms, 411 lines, SystemVerilog_2012] ...
Loading (34) E:\dvt\D-V-T Install package\dvt_eclipse\predefined_projects\libs\uvm-1.2\src\base\uvm_printer.svh ...
Done E:\dvt\D-V-T Install package\dvt_eclipse\predefined_projects\libs\uvm-1.2\src\base\uvm_printer.svh [11 ms, 1232 lines, SystemVerilog_2012] ...
Loading (35) E:\dvt\D-V-T Install package\dvt_eclipse\predefined_projects\libs\uvm-1.2\src\base\uvm_comparer.svh ...
Done E:\dvt\D-V-T Install package\dvt_eclipse\predefined_projects\libs\uvm-1.2\src\base\uvm_comparer.svh [4 ms, 423 lines, SystemVerilog_2012] ...
Loading (36) E:\dvt\D-V-T Install package\dvt_eclipse\predefined_projects\libs\uvm-1.2\src\base\uvm_packer.svh ...
Done E:\dvt\D-V-T Install package\dvt_eclipse\predefined_projects\libs\uvm-1.2\src\base\uvm_packer.svh [9 ms, 1038 lines, SystemVerilog_2012] ...
Loading (37) E:\dvt\D-V-T Install package\dvt_eclipse\predefined_projects\libs\uvm-1.2\src\base\uvm_links.svh ...
Done E:\dvt\D-V-T Install package\dvt_eclipse\predefined_projects\libs\uvm-1.2\src\base\uvm_links.svh [4 ms, 371 lines, SystemVerilog_2012] ...
Loading (38) E:\dvt\D-V-T Install package\dvt_eclipse\predefined_projects\libs\uvm-1.2\src\base\uvm_tr_database.svh ...
Done E:\dvt\D-V-T Install package\dvt_eclipse\predefined_projects\libs\uvm-1.2\src\base\uvm_tr_database.svh [4 ms, 433 lines, SystemVerilog_2012] ...
Loading (39) E:\dvt\D-V-T Install package\dvt_eclipse\predefined_projects\libs\uvm-1.2\src\base\uvm_tr_stream.svh ...
Done E:\dvt\D-V-T Install package\dvt_eclipse\predefined_projects\libs\uvm-1.2\src\base\uvm_tr_stream.svh [4 ms, 592 lines, SystemVerilog_2012] ...
Loading (40) E:\dvt\D-V-T Install package\dvt_eclipse\predefined_projects\libs\uvm-1.2\src\base\uvm_recorder.svh ...
Done E:\dvt\D-V-T Install package\dvt_eclipse\predefined_projects\libs\uvm-1.2\src\base\uvm_recorder.svh [7 ms, 1141 lines, SystemVerilog_2012] ...
Loading (41) E:\dvt\D-V-T Install package\dvt_eclipse\predefined_projects\libs\uvm-1.2\src\base\uvm_event_callback.svh ...
Done E:\dvt\D-V-T Install package\dvt_eclipse\predefined_projects\libs\uvm-1.2\src\base\uvm_event_callback.svh [1 ms, 91 lines, SystemVerilog_2012] ...
Loading (42) E:\dvt\D-V-T Install package\dvt_eclipse\predefined_projects\libs\uvm-1.2\src\base\uvm_event.svh ...
Done E:\dvt\D-V-T Install package\dvt_eclipse\predefined_projects\libs\uvm-1.2\src\base\uvm_event.svh [3 ms, 395 lines, SystemVerilog_2012] ...
Loading (43) E:\dvt\D-V-T Install package\dvt_eclipse\predefined_projects\libs\uvm-1.2\src\base\uvm_barrier.svh ...
Done E:\dvt\D-V-T Install package\dvt_eclipse\predefined_projects\libs\uvm-1.2\src\base\uvm_barrier.svh [1 ms, 210 lines, SystemVerilog_2012] ...
Loading (44) E:\dvt\D-V-T Install package\dvt_eclipse\predefined_projects\libs\uvm-1.2\src\base\uvm_callback.svh ...
Loading (45) E:\dvt\D-V-T Install package\dvt_eclipse\predefined_projects\libs\uvm-1.2\src\uvm_macros.svh ...
Done E:\dvt\D-V-T Install package\dvt_eclipse\predefined_projects\libs\uvm-1.2\src\uvm_macros.svh [0 ms, 82 lines, SystemVerilog_2012] ...
Done E:\dvt\D-V-T Install package\dvt_eclipse\predefined_projects\libs\uvm-1.2\src\base\uvm_callback.svh [10 ms, 1199 lines, SystemVerilog_2012] ...
Loading (46) E:\dvt\D-V-T Install package\dvt_eclipse\predefined_projects\libs\uvm-1.2\src\base\uvm_report_message.svh ...
Done E:\dvt\D-V-T Install package\dvt_eclipse\predefined_projects\libs\uvm-1.2\src\base\uvm_report_message.svh [7 ms, 940 lines, SystemVerilog_2012] ...
Loading (47) E:\dvt\D-V-T Install package\dvt_eclipse\predefined_projects\libs\uvm-1.2\src\base\uvm_report_catcher.svh ...
Done E:\dvt\D-V-T Install package\dvt_eclipse\predefined_projects\libs\uvm-1.2\src\base\uvm_report_catcher.svh [3 ms, 713 lines, SystemVerilog_2012] ...
Loading (48) E:\dvt\D-V-T Install package\dvt_eclipse\predefined_projects\libs\uvm-1.2\src\base\uvm_report_server.svh ...
Done E:\dvt\D-V-T Install package\dvt_eclipse\predefined_projects\libs\uvm-1.2\src\base\uvm_report_server.svh [7 ms, 923 lines, SystemVerilog_2012] ...
Loading (49) E:\dvt\D-V-T Install package\dvt_eclipse\predefined_projects\libs\uvm-1.2\src\base\uvm_report_handler.svh ...
Done E:\dvt\D-V-T Install package\dvt_eclipse\predefined_projects\libs\uvm-1.2\src\base\uvm_report_handler.svh [8 ms, 801 lines, SystemVerilog_2012] ...
Loading (50) E:\dvt\D-V-T Install package\dvt_eclipse\predefined_projects\libs\uvm-1.2\src\base\uvm_report_object.svh ...
Done E:\dvt\D-V-T Install package\dvt_eclipse\predefined_projects\libs\uvm-1.2\src\base\uvm_report_object.svh [2 ms, 660 lines, SystemVerilog_2012] ...
Loading (51) E:\dvt\D-V-T Install package\dvt_eclipse\predefined_projects\libs\uvm-1.2\src\base\uvm_transaction.svh ...
Done E:\dvt\D-V-T Install package\dvt_eclipse\predefined_projects\libs\uvm-1.2\src\base\uvm_transaction.svh [3 ms, 781 lines, SystemVerilog_2012] ...
Loading (52) E:\dvt\D-V-T Install package\dvt_eclipse\predefined_projects\libs\uvm-1.2\src\base\uvm_phase.svh ...
Done E:\dvt\D-V-T Install package\dvt_eclipse\predefined_projects\libs\uvm-1.2\src\base\uvm_phase.svh [22 ms, 2254 lines, SystemVerilog_2012] ...
Loading (53) E:\dvt\D-V-T Install package\dvt_eclipse\predefined_projects\libs\uvm-1.2\src\base\uvm_domain.svh ...
Done E:\dvt\D-V-T Install package\dvt_eclipse\predefined_projects\libs\uvm-1.2\src\base\uvm_domain.svh [2 ms, 219 lines, SystemVerilog_2012] ...
Loading (54) E:\dvt\D-V-T Install package\dvt_eclipse\predefined_projects\libs\uvm-1.2\src\base\uvm_bottomup_phase.svh ...
Done E:\dvt\D-V-T Install package\dvt_eclipse\predefined_projects\libs\uvm-1.2\src\base\uvm_bottomup_phase.svh [1 ms, 113 lines, SystemVerilog_2012] ...
Loading (55) E:\dvt\D-V-T Install package\dvt_eclipse\predefined_projects\libs\uvm-1.2\src\base\uvm_topdown_phase.svh ...
Done E:\dvt\D-V-T Install package\dvt_eclipse\predefined_projects\libs\uvm-1.2\src\base\uvm_topdown_phase.svh [1 ms, 115 lines, SystemVerilog_2012] ...
Loading (56) E:\dvt\D-V-T Install package\dvt_eclipse\predefined_projects\libs\uvm-1.2\src\base\uvm_task_phase.svh ...
Done E:\dvt\D-V-T Install package\dvt_eclipse\predefined_projects\libs\uvm-1.2\src\base\uvm_task_phase.svh [1 ms, 162 lines, SystemVerilog_2012] ...
Loading (57) E:\dvt\D-V-T Install package\dvt_eclipse\predefined_projects\libs\uvm-1.2\src\base\uvm_common_phases.svh ...
Done E:\dvt\D-V-T Install package\dvt_eclipse\predefined_projects\libs\uvm-1.2\src\base\uvm_common_phases.svh [1 ms, 452 lines, SystemVerilog_2012] ...
Loading (58) E:\dvt\D-V-T Install package\dvt_eclipse\predefined_projects\libs\uvm-1.2\src\base\uvm_runtime_phases.svh ...
Done E:\dvt\D-V-T Install package\dvt_eclipse\predefined_projects\libs\uvm-1.2\src\base\uvm_runtime_phases.svh [3 ms, 556 lines, SystemVerilog_2012] ...
Loading (59) E:\dvt\D-V-T Install package\dvt_eclipse\predefined_projects\libs\uvm-1.2\src\base\uvm_component.svh ...
Loading (60) E:\dvt\D-V-T Install package\dvt_eclipse\predefined_projects\libs\uvm-1.2\src\base\uvm_root.svh ...
Done E:\dvt\D-V-T Install package\dvt_eclipse\predefined_projects\libs\uvm-1.2\src\base\uvm_root.svh [16 ms, 1073 lines, SystemVerilog_2012] ...
Done E:\dvt\D-V-T Install package\dvt_eclipse\predefined_projects\libs\uvm-1.2\src\base\uvm_component.svh [24 ms, 3639 lines, SystemVerilog_2012] ...
Loading (61) E:\dvt\D-V-T Install package\dvt_eclipse\predefined_projects\libs\uvm-1.2\src\base\uvm_objection.svh ...
Done E:\dvt\D-V-T Install package\dvt_eclipse\predefined_projects\libs\uvm-1.2\src\base\uvm_objection.svh [12 ms, 1454 lines, SystemVerilog_2012] ...
Loading (62) E:\dvt\D-V-T Install package\dvt_eclipse\predefined_projects\libs\uvm-1.2\src\base\uvm_heartbeat.svh ...
Done E:\dvt\D-V-T Install package\dvt_eclipse\predefined_projects\libs\uvm-1.2\src\base\uvm_heartbeat.svh [3 ms, 342 lines, SystemVerilog_2012] ...
Loading (63) E:\dvt\D-V-T Install package\dvt_eclipse\predefined_projects\libs\uvm-1.2\src\base\uvm_globals.svh ...
Done E:\dvt\D-V-T Install package\dvt_eclipse\predefined_projects\libs\uvm-1.2\src\base\uvm_globals.svh [5 ms, 565 lines, SystemVerilog_2012] ...
Loading (64) E:\dvt\D-V-T Install package\dvt_eclipse\predefined_projects\libs\uvm-1.2\src\base\uvm_cmdline_processor.svh ...
Done E:\dvt\D-V-T Install package\dvt_eclipse\predefined_projects\libs\uvm-1.2\src\base\uvm_cmdline_processor.svh [2 ms, 462 lines, SystemVerilog_2012] ...
Loading (65) E:\dvt\D-V-T Install package\dvt_eclipse\predefined_projects\libs\uvm-1.2\src\base\uvm_traversal.svh ...
Done E:\dvt\D-V-T Install package\dvt_eclipse\predefined_projects\libs\uvm-1.2\src\base\uvm_traversal.svh [2 ms, 289 lines, SystemVerilog_2012] ...
Done E:\dvt\D-V-T Install package\dvt_eclipse\predefined_projects\libs\uvm-1.2\src\base\uvm_base.svh [0 ms, 113 lines, SystemVerilog_2012] ...
Loading (66) E:\dvt\D-V-T Install package\dvt_eclipse\predefined_projects\libs\uvm-1.2\src\dap\uvm_dap.svh ...
Loading (67) E:\dvt\D-V-T Install package\dvt_eclipse\predefined_projects\libs\uvm-1.2\src\dap\uvm_set_get_dap_base.svh ...
Done E:\dvt\D-V-T Install package\dvt_eclipse\predefined_projects\libs\uvm-1.2\src\dap\uvm_set_get_dap_base.svh [0 ms, 84 lines, SystemVerilog_2012] ...
Loading (68) E:\dvt\D-V-T Install package\dvt_eclipse\predefined_projects\libs\uvm-1.2\src\dap\uvm_simple_lock_dap.svh ...
Done E:\dvt\D-V-T Install package\dvt_eclipse\predefined_projects\libs\uvm-1.2\src\dap\uvm_simple_lock_dap.svh [1 ms, 179 lines, SystemVerilog_2012] ...
Loading (69) E:\dvt\D-V-T Install package\dvt_eclipse\predefined_projects\libs\uvm-1.2\src\dap\uvm_get_to_lock_dap.svh ...
Done E:\dvt\D-V-T Install package\dvt_eclipse\predefined_projects\libs\uvm-1.2\src\dap\uvm_get_to_lock_dap.svh [2 ms, 155 lines, SystemVerilog_2012] ...
Loading (70) E:\dvt\D-V-T Install package\dvt_eclipse\predefined_projects\libs\uvm-1.2\src\dap\uvm_set_before_get_dap.svh ...
Done E:\dvt\D-V-T Install package\dvt_eclipse\predefined_projects\libs\uvm-1.2\src\dap\uvm_set_before_get_dap.svh [2 ms, 185 lines, SystemVerilog_2012] ...
Done E:\dvt\D-V-T Install package\dvt_eclipse\predefined_projects\libs\uvm-1.2\src\dap\uvm_dap.svh [0 ms, 35 lines, SystemVerilog_2012] ...
Loading (71) E:\dvt\D-V-T Install package\dvt_eclipse\predefined_projects\libs\uvm-1.2\src\tlm1\uvm_tlm.svh ...
Loading (72) E:\dvt\D-V-T Install package\dvt_eclipse\predefined_projects\libs\uvm-1.2\src\tlm1\uvm_tlm_ifs.svh ...
Done E:\dvt\D-V-T Install package\dvt_eclipse\predefined_projects\libs\uvm-1.2\src\tlm1\uvm_tlm_ifs.svh [0 ms, 219 lines, SystemVerilog_2012] ...
Loading (73) E:\dvt\D-V-T Install package\dvt_eclipse\predefined_projects\libs\uvm-1.2\src\tlm1\uvm_sqr_ifs.svh ...
Done E:\dvt\D-V-T Install package\dvt_eclipse\predefined_projects\libs\uvm-1.2\src\tlm1\uvm_sqr_ifs.svh [1 ms, 253 lines, SystemVerilog_2012] ...
Loading (74) E:\dvt\D-V-T Install package\dvt_eclipse\predefined_projects\libs\uvm-1.2\src\base\uvm_port_base.svh ...
Done E:\dvt\D-V-T Install package\dvt_eclipse\predefined_projects\libs\uvm-1.2\src\base\uvm_port_base.svh [5 ms, 793 lines, SystemVerilog_2012] ...
Loading (75) E:\dvt\D-V-T Install package\dvt_eclipse\predefined_projects\libs\uvm-1.2\src\tlm1\uvm_tlm_imps.svh ...
Done E:\dvt\D-V-T Install package\dvt_eclipse\predefined_projects\libs\uvm-1.2\src\tlm1\uvm_tlm_imps.svh [0 ms, 229 lines, SystemVerilog_2012] ...
Loading (76) E:\dvt\D-V-T Install package\dvt_eclipse\predefined_projects\libs\uvm-1.2\src\tlm1\uvm_imps.svh ...
Done E:\dvt\D-V-T Install package\dvt_eclipse\predefined_projects\libs\uvm-1.2\src\tlm1\uvm_imps.svh [4 ms, 317 lines, SystemVerilog_2012] ...
Loading (77) E:\dvt\D-V-T Install package\dvt_eclipse\predefined_projects\libs\uvm-1.2\src\tlm1\uvm_ports.svh ...
Done E:\dvt\D-V-T Install package\dvt_eclipse\predefined_projects\libs\uvm-1.2\src\tlm1\uvm_ports.svh [4 ms, 263 lines, SystemVerilog_2012] ...
Loading (78) E:\dvt\D-V-T Install package\dvt_eclipse\predefined_projects\libs\uvm-1.2\src\tlm1\uvm_exports.svh ...
Done E:\dvt\D-V-T Install package\dvt_eclipse\predefined_projects\libs\uvm-1.2\src\tlm1\uvm_exports.svh [5 ms, 260 lines, SystemVerilog_2012] ...
Loading (79) E:\dvt\D-V-T Install package\dvt_eclipse\predefined_projects\libs\uvm-1.2\src\tlm1\uvm_analysis_port.svh ...
Done E:\dvt\D-V-T Install package\dvt_eclipse\predefined_projects\libs\uvm-1.2\src\tlm1\uvm_analysis_port.svh [1 ms, 156 lines, SystemVerilog_2012] ...
Loading (80) E:\dvt\D-V-T Install package\dvt_eclipse\predefined_projects\libs\uvm-1.2\src\tlm1\uvm_tlm_fifo_base.svh ...
Done E:\dvt\D-V-T Install package\dvt_eclipse\predefined_projects\libs\uvm-1.2\src\tlm1\uvm_tlm_fifo_base.svh [2 ms, 253 lines, SystemVerilog_2012] ...
Loading (81) E:\dvt\D-V-T Install package\dvt_eclipse\predefined_projects\libs\uvm-1.2\src\tlm1\uvm_tlm_fifos.svh ...
Done E:\dvt\D-V-T Install package\dvt_eclipse\predefined_projects\libs\uvm-1.2\src\tlm1\uvm_tlm_fifos.svh [1 ms, 239 lines, SystemVerilog_2012] ...
Loading (82) E:\dvt\D-V-T Install package\dvt_eclipse\predefined_projects\libs\uvm-1.2\src\tlm1\uvm_tlm_req_rsp.svh ...
Done E:\dvt\D-V-T Install package\dvt_eclipse\predefined_projects\libs\uvm-1.2\src\tlm1\uvm_tlm_req_rsp.svh [1 ms, 349 lines, SystemVerilog_2012] ...
Loading (83) E:\dvt\D-V-T Install package\dvt_eclipse\predefined_projects\libs\uvm-1.2\src\tlm1\uvm_sqr_connections.svh ...
Done E:\dvt\D-V-T Install package\dvt_eclipse\predefined_projects\libs\uvm-1.2\src\tlm1\uvm_sqr_connections.svh [2 ms, 84 lines, SystemVerilog_2012] ...
Done E:\dvt\D-V-T Install package\dvt_eclipse\predefined_projects\libs\uvm-1.2\src\tlm1\uvm_tlm.svh [0 ms, 40 lines, SystemVerilog_2012] ...
Loading (84) E:\dvt\D-V-T Install package\dvt_eclipse\predefined_projects\libs\uvm-1.2\src\comps\uvm_comps.svh ...
Loading (85) E:\dvt\D-V-T Install package\dvt_eclipse\predefined_projects\libs\uvm-1.2\src\comps\uvm_pair.svh ...
Done E:\dvt\D-V-T Install package\dvt_eclipse\predefined_projects\libs\uvm-1.2\src\comps\uvm_pair.svh [2 ms, 171 lines, SystemVerilog_2012] ...
Loading (86) E:\dvt\D-V-T Install package\dvt_eclipse\predefined_projects\libs\uvm-1.2\src\comps\uvm_policies.svh ...
Done E:\dvt\D-V-T Install package\dvt_eclipse\predefined_projects\libs\uvm-1.2\src\comps\uvm_policies.svh [1 ms, 142 lines, SystemVerilog_2012] ...
Loading (87) E:\dvt\D-V-T Install package\dvt_eclipse\predefined_projects\libs\uvm-1.2\src\comps\uvm_in_order_comparator.svh ...
Done E:\dvt\D-V-T Install package\dvt_eclipse\predefined_projects\libs\uvm-1.2\src\comps\uvm_in_order_comparator.svh [1 ms, 260 lines, SystemVerilog_2012] ...
Loading (88) E:\dvt\D-V-T Install package\dvt_eclipse\predefined_projects\libs\uvm-1.2\src\comps\uvm_algorithmic_comparator.svh ...
Done E:\dvt\D-V-T Install package\dvt_eclipse\predefined_projects\libs\uvm-1.2\src\comps\uvm_algorithmic_comparator.svh [1 ms, 135 lines, SystemVerilog_2012] ...
Loading (89) E:\dvt\D-V-T Install package\dvt_eclipse\predefined_projects\libs\uvm-1.2\src\comps\uvm_random_stimulus.svh ...
Done E:\dvt\D-V-T Install package\dvt_eclipse\predefined_projects\libs\uvm-1.2\src\comps\uvm_random_stimulus.svh [0 ms, 132 lines, SystemVerilog_2012] ...
Loading (90) E:\dvt\D-V-T Install package\dvt_eclipse\predefined_projects\libs\uvm-1.2\src\comps\uvm_subscriber.svh ...
Done E:\dvt\D-V-T Install package\dvt_eclipse\predefined_projects\libs\uvm-1.2\src\comps\uvm_subscriber.svh [1 ms, 68 lines, SystemVerilog_2012] ...
Loading (91) E:\dvt\D-V-T Install package\dvt_eclipse\predefined_projects\libs\uvm-1.2\src\comps\uvm_monitor.svh ...
Done E:\dvt\D-V-T Install package\dvt_eclipse\predefined_projects\libs\uvm-1.2\src\comps\uvm_monitor.svh [0 ms, 54 lines, SystemVerilog_2012] ...
Loading (92) E:\dvt\D-V-T Install package\dvt_eclipse\predefined_projects\libs\uvm-1.2\src\comps\uvm_driver.svh ...
Done E:\dvt\D-V-T Install package\dvt_eclipse\predefined_projects\libs\uvm-1.2\src\comps\uvm_driver.svh [0 ms, 89 lines, SystemVerilog_2012] ...
Loading (93) E:\dvt\D-V-T Install package\dvt_eclipse\predefined_projects\libs\uvm-1.2\src\comps\uvm_push_driver.svh ...
Done E:\dvt\D-V-T Install package\dvt_eclipse\predefined_projects\libs\uvm-1.2\src\comps\uvm_push_driver.svh [0 ms, 97 lines, SystemVerilog_2012] ...
Loading (94) E:\dvt\D-V-T Install package\dvt_eclipse\predefined_projects\libs\uvm-1.2\src\comps\uvm_scoreboard.svh ...
Done E:\dvt\D-V-T Install package\dvt_eclipse\predefined_projects\libs\uvm-1.2\src\comps\uvm_scoreboard.svh [0 ms, 56 lines, SystemVerilog_2012] ...
Loading (95) E:\dvt\D-V-T Install package\dvt_eclipse\predefined_projects\libs\uvm-1.2\src\comps\uvm_agent.svh ...
Done E:\dvt\D-V-T Install package\dvt_eclipse\predefined_projects\libs\uvm-1.2\src\comps\uvm_agent.svh [1 ms, 136 lines, SystemVerilog_2012] ...
Loading (96) E:\dvt\D-V-T Install package\dvt_eclipse\predefined_projects\libs\uvm-1.2\src\comps\uvm_env.svh ...
Done E:\dvt\D-V-T Install package\dvt_eclipse\predefined_projects\libs\uvm-1.2\src\comps\uvm_env.svh [0 ms, 54 lines, SystemVerilog_2012] ...
Loading (97) E:\dvt\D-V-T Install package\dvt_eclipse\predefined_projects\libs\uvm-1.2\src\comps\uvm_test.svh ...
Done E:\dvt\D-V-T Install package\dvt_eclipse\predefined_projects\libs\uvm-1.2\src\comps\uvm_test.svh [1 ms, 82 lines, SystemVerilog_2012] ...
Done E:\dvt\D-V-T Install package\dvt_eclipse\predefined_projects\libs\uvm-1.2\src\comps\uvm_comps.svh [0 ms, 37 lines, SystemVerilog_2012] ...
Loading (98) E:\dvt\D-V-T Install package\dvt_eclipse\predefined_projects\libs\uvm-1.2\src\seq\uvm_seq.svh ...
Loading (99) E:\dvt\D-V-T Install package\dvt_eclipse\predefined_projects\libs\uvm-1.2\src\seq\uvm_sequence_item.svh ...
Done E:\dvt\D-V-T Install package\dvt_eclipse\predefined_projects\libs\uvm-1.2\src\seq\uvm_sequence_item.svh [2 ms, 498 lines, SystemVerilog_2012] ...
Loading (100) E:\dvt\D-V-T Install package\dvt_eclipse\predefined_projects\libs\uvm-1.2\src\seq\uvm_sequencer_base.svh ...
Done E:\dvt\D-V-T Install package\dvt_eclipse\predefined_projects\libs\uvm-1.2\src\seq\uvm_sequencer_base.svh [10 ms, 1775 lines, SystemVerilog_2012] ...
Loading (101) E:\dvt\D-V-T Install package\dvt_eclipse\predefined_projects\libs\uvm-1.2\src\seq\uvm_sequencer_analysis_fifo.svh ...
Done E:\dvt\D-V-T Install package\dvt_eclipse\predefined_projects\libs\uvm-1.2\src\seq\uvm_sequencer_analysis_fifo.svh [0 ms, 39 lines, SystemVerilog_2012] ...
Loading (102) E:\dvt\D-V-T Install package\dvt_eclipse\predefined_projects\libs\uvm-1.2\src\seq\uvm_sequencer_param_base.svh ...
Done E:\dvt\D-V-T Install package\dvt_eclipse\predefined_projects\libs\uvm-1.2\src\seq\uvm_sequencer_param_base.svh [2 ms, 460 lines, SystemVerilog_2012] ...
Loading (103) E:\dvt\D-V-T Install package\dvt_eclipse\predefined_projects\libs\uvm-1.2\src\seq\uvm_sequencer.svh ...
Done E:\dvt\D-V-T Install package\dvt_eclipse\predefined_projects\libs\uvm-1.2\src\seq\uvm_sequencer.svh [2 ms, 347 lines, SystemVerilog_2012] ...
Loading (104) E:\dvt\D-V-T Install package\dvt_eclipse\predefined_projects\libs\uvm-1.2\src\seq\uvm_push_sequencer.svh ...
Done E:\dvt\D-V-T Install package\dvt_eclipse\predefined_projects\libs\uvm-1.2\src\seq\uvm_push_sequencer.svh [1 ms, 85 lines, SystemVerilog_2012] ...
Loading (105) E:\dvt\D-V-T Install package\dvt_eclipse\predefined_projects\libs\uvm-1.2\src\seq\uvm_sequence_base.svh ...
Done E:\dvt\D-V-T Install package\dvt_eclipse\predefined_projects\libs\uvm-1.2\src\seq\uvm_sequence_base.svh [8 ms, 1405 lines, SystemVerilog_2012] ...
Loading (106) E:\dvt\D-V-T Install package\dvt_eclipse\predefined_projects\libs\uvm-1.2\src\seq\uvm_sequence.svh ...
Done E:\dvt\D-V-T Install package\dvt_eclipse\predefined_projects\libs\uvm-1.2\src\seq\uvm_sequence.svh [0 ms, 148 lines, SystemVerilog_2012] ...
Loading (107) E:\dvt\D-V-T Install package\dvt_eclipse\predefined_projects\libs\uvm-1.2\src\seq\uvm_sequence_library.svh ...
Done E:\dvt\D-V-T Install package\dvt_eclipse\predefined_projects\libs\uvm-1.2\src\seq\uvm_sequence_library.svh [6 ms, 813 lines, SystemVerilog_2012] ...
Loading (108) E:\dvt\D-V-T Install package\dvt_eclipse\predefined_projects\libs\uvm-1.2\src\seq\uvm_sequence_builtin.svh ...
Done E:\dvt\D-V-T Install package\dvt_eclipse\predefined_projects\libs\uvm-1.2\src\seq\uvm_sequence_builtin.svh [3 ms, 301 lines, SystemVerilog_2012] ...
Done E:\dvt\D-V-T Install package\dvt_eclipse\predefined_projects\libs\uvm-1.2\src\seq\uvm_seq.svh [0 ms, 40 lines, SystemVerilog_2012] ...
Loading (109) E:\dvt\D-V-T Install package\dvt_eclipse\predefined_projects\libs\uvm-1.2\src\tlm2\uvm_tlm2.svh ...
Loading (110) E:\dvt\D-V-T Install package\dvt_eclipse\predefined_projects\libs\uvm-1.2\src\tlm2\uvm_tlm2_defines.svh ...
Done E:\dvt\D-V-T Install package\dvt_eclipse\predefined_projects\libs\uvm-1.2\src\tlm2\uvm_tlm2_defines.svh [0 ms, 45 lines, SystemVerilog_2012] ...
Loading (111) E:\dvt\D-V-T Install package\dvt_eclipse\predefined_projects\libs\uvm-1.2\src\tlm2\uvm_tlm2_time.svh ...
Done E:\dvt\D-V-T Install package\dvt_eclipse\predefined_projects\libs\uvm-1.2\src\tlm2\uvm_tlm2_time.svh [1 ms, 333 lines, SystemVerilog_2012] ...
Loading (112) E:\dvt\D-V-T Install package\dvt_eclipse\predefined_projects\libs\uvm-1.2\src\tlm2\uvm_tlm2_generic_payload.svh ...
Done E:\dvt\D-V-T Install package\dvt_eclipse\predefined_projects\libs\uvm-1.2\src\tlm2\uvm_tlm2_generic_payload.svh [7 ms, 1053 lines, SystemVerilog_2012] ...
Loading (113) E:\dvt\D-V-T Install package\dvt_eclipse\predefined_projects\libs\uvm-1.2\src\tlm2\uvm_tlm2_ifs.svh ...
Done E:\dvt\D-V-T Install package\dvt_eclipse\predefined_projects\libs\uvm-1.2\src\tlm2\uvm_tlm2_ifs.svh [1 ms, 178 lines, SystemVerilog_2012] ...
Loading (114) E:\dvt\D-V-T Install package\dvt_eclipse\predefined_projects\libs\uvm-1.2\src\tlm2\uvm_tlm2_imps.svh ...
Done E:\dvt\D-V-T Install package\dvt_eclipse\predefined_projects\libs\uvm-1.2\src\tlm2\uvm_tlm2_imps.svh [0 ms, 203 lines, SystemVerilog_2012] ...
Loading (115) E:\dvt\D-V-T Install package\dvt_eclipse\predefined_projects\libs\uvm-1.2\src\tlm2\uvm_tlm2_ports.svh ...
Done E:\dvt\D-V-T Install package\dvt_eclipse\predefined_projects\libs\uvm-1.2\src\tlm2\uvm_tlm2_ports.svh [1 ms, 75 lines, SystemVerilog_2012] ...
Loading (116) E:\dvt\D-V-T Install package\dvt_eclipse\predefined_projects\libs\uvm-1.2\src\tlm2\uvm_tlm2_exports.svh ...
Done E:\dvt\D-V-T Install package\dvt_eclipse\predefined_projects\libs\uvm-1.2\src\tlm2\uvm_tlm2_exports.svh [1 ms, 65 lines, SystemVerilog_2012] ...
Loading (117) E:\dvt\D-V-T Install package\dvt_eclipse\predefined_projects\libs\uvm-1.2\src\tlm2\uvm_tlm2_sockets_base.svh ...
Done E:\dvt\D-V-T Install package\dvt_eclipse\predefined_projects\libs\uvm-1.2\src\tlm2\uvm_tlm2_sockets_base.svh [2 ms, 195 lines, SystemVerilog_2012] ...
Loading (118) E:\dvt\D-V-T Install package\dvt_eclipse\predefined_projects\libs\uvm-1.2\src\tlm2\uvm_tlm2_sockets.svh ...
Done E:\dvt\D-V-T Install package\dvt_eclipse\predefined_projects\libs\uvm-1.2\src\tlm2\uvm_tlm2_sockets.svh [3 ms, 435 lines, SystemVerilog_2012] ...
Done E:\dvt\D-V-T Install package\dvt_eclipse\predefined_projects\libs\uvm-1.2\src\tlm2\uvm_tlm2.svh [0 ms, 30 lines, SystemVerilog_2012] ...
Loading (119) E:\dvt\D-V-T Install package\dvt_eclipse\predefined_projects\libs\uvm-1.2\src\reg\uvm_reg_model.svh ...
Loading (120) E:\dvt\D-V-T Install package\dvt_eclipse\predefined_projects\libs\uvm-1.2\src\reg\uvm_reg_item.svh ...
Done E:\dvt\D-V-T Install package\dvt_eclipse\predefined_projects\libs\uvm-1.2\src\reg\uvm_reg_item.svh [3 ms, 316 lines, SystemVerilog_2012] ...
Loading (121) E:\dvt\D-V-T Install package\dvt_eclipse\predefined_projects\libs\uvm-1.2\src\reg\uvm_reg_adapter.svh ...
Done E:\dvt\D-V-T Install package\dvt_eclipse\predefined_projects\libs\uvm-1.2\src\reg\uvm_reg_adapter.svh [1 ms, 254 lines, SystemVerilog_2012] ...
Loading (122) E:\dvt\D-V-T Install package\dvt_eclipse\predefined_projects\libs\uvm-1.2\src\reg\uvm_reg_predictor.svh ...
Done E:\dvt\D-V-T Install package\dvt_eclipse\predefined_projects\libs\uvm-1.2\src\reg\uvm_reg_predictor.svh [2 ms, 265 lines, SystemVerilog_2012] ...
Loading (123) E:\dvt\D-V-T Install package\dvt_eclipse\predefined_projects\libs\uvm-1.2\src\reg\uvm_reg_sequence.svh ...
Done E:\dvt\D-V-T Install package\dvt_eclipse\predefined_projects\libs\uvm-1.2\src\reg\uvm_reg_sequence.svh [3 ms, 548 lines, SystemVerilog_2012] ...
Loading (124) E:\dvt\D-V-T Install package\dvt_eclipse\predefined_projects\libs\uvm-1.2\src\reg\uvm_reg_cbs.svh ...
Done E:\dvt\D-V-T Install package\dvt_eclipse\predefined_projects\libs\uvm-1.2\src\reg\uvm_reg_cbs.svh [2 ms, 530 lines, SystemVerilog_2012] ...
Loading (125) E:\dvt\D-V-T Install package\dvt_eclipse\predefined_projects\libs\uvm-1.2\src\reg\uvm_reg_backdoor.svh ...
Done E:\dvt\D-V-T Install package\dvt_eclipse\predefined_projects\libs\uvm-1.2\src\reg\uvm_reg_backdoor.svh [3 ms, 348 lines, SystemVerilog_2012] ...
Loading (126) E:\dvt\D-V-T Install package\dvt_eclipse\predefined_projects\libs\uvm-1.2\src\reg\uvm_reg_field.svh ...
Done E:\dvt\D-V-T Install package\dvt_eclipse\predefined_projects\libs\uvm-1.2\src\reg\uvm_reg_field.svh [10 ms, 2013 lines, SystemVerilog_2012] ...
Loading (127) E:\dvt\D-V-T Install package\dvt_eclipse\predefined_projects\libs\uvm-1.2\src\reg\uvm_vreg_field.svh ...
Done E:\dvt\D-V-T Install package\dvt_eclipse\predefined_projects\libs\uvm-1.2\src\reg\uvm_vreg_field.svh [11 ms, 1005 lines, SystemVerilog_2012] ...
Loading (128) E:\dvt\D-V-T Install package\dvt_eclipse\predefined_projects\libs\uvm-1.2\src\reg\uvm_reg.svh ...
Done E:\dvt\D-V-T Install package\dvt_eclipse\predefined_projects\libs\uvm-1.2\src\reg\uvm_reg.svh [24 ms, 3102 lines, SystemVerilog_2012] ...
Loading (129) E:\dvt\D-V-T Install package\dvt_eclipse\predefined_projects\libs\uvm-1.2\src\reg\uvm_reg_indirect.svh ...
Done E:\dvt\D-V-T Install package\dvt_eclipse\predefined_projects\libs\uvm-1.2\src\reg\uvm_reg_indirect.svh [4 ms, 330 lines, SystemVerilog_2012] ...
Loading (130) E:\dvt\D-V-T Install package\dvt_eclipse\predefined_projects\libs\uvm-1.2\src\reg\uvm_reg_fifo.svh ...
Done E:\dvt\D-V-T Install package\dvt_eclipse\predefined_projects\libs\uvm-1.2\src\reg\uvm_reg_fifo.svh [2 ms, 311 lines, SystemVerilog_2012] ...
Loading (131) E:\dvt\D-V-T Install package\dvt_eclipse\predefined_projects\libs\uvm-1.2\src\reg\uvm_reg_file.svh ...
Done E:\dvt\D-V-T Install package\dvt_eclipse\predefined_projects\libs\uvm-1.2\src\reg\uvm_reg_file.svh [4 ms, 501 lines, SystemVerilog_2012] ...
Loading (132) E:\dvt\D-V-T Install package\dvt_eclipse\predefined_projects\libs\uvm-1.2\src\reg\uvm_mem_mam.svh ...
Done E:\dvt\D-V-T Install package\dvt_eclipse\predefined_projects\libs\uvm-1.2\src\reg\uvm_mem_mam.svh [8 ms, 1019 lines, SystemVerilog_2012] ...
Loading (133) E:\dvt\D-V-T Install package\dvt_eclipse\predefined_projects\libs\uvm-1.2\src\reg\uvm_vreg.svh ...
Done E:\dvt\D-V-T Install package\dvt_eclipse\predefined_projects\libs\uvm-1.2\src\reg\uvm_vreg.svh [14 ms, 1554 lines, SystemVerilog_2012] ...
Loading (134) E:\dvt\D-V-T Install package\dvt_eclipse\predefined_projects\libs\uvm-1.2\src\reg\uvm_mem.svh ...
Done E:\dvt\D-V-T Install package\dvt_eclipse\predefined_projects\libs\uvm-1.2\src\reg\uvm_mem.svh [19 ms, 2410 lines, SystemVerilog_2012] ...
Loading (135) E:\dvt\D-V-T Install package\dvt_eclipse\predefined_projects\libs\uvm-1.2\src\reg\uvm_reg_map.svh ...
Done E:\dvt\D-V-T Install package\dvt_eclipse\predefined_projects\libs\uvm-1.2\src\reg\uvm_reg_map.svh [15 ms, 2225 lines, SystemVerilog_2012] ...
Loading (136) E:\dvt\D-V-T Install package\dvt_eclipse\predefined_projects\libs\uvm-1.2\src\reg\uvm_reg_block.svh ...
Done E:\dvt\D-V-T Install package\dvt_eclipse\predefined_projects\libs\uvm-1.2\src\reg\uvm_reg_block.svh [14 ms, 2272 lines, SystemVerilog_2012] ...
Loading (137) E:\dvt\D-V-T Install package\dvt_eclipse\predefined_projects\libs\uvm-1.2\src\reg\sequences\uvm_reg_hw_reset_seq.svh ...
Done E:\dvt\D-V-T Install package\dvt_eclipse\predefined_projects\libs\uvm-1.2\src\reg\sequences\uvm_reg_hw_reset_seq.svh [1 ms, 172 lines, SystemVerilog_2012] ...
Loading (138) E:\dvt\D-V-T Install package\dvt_eclipse\predefined_projects\libs\uvm-1.2\src\reg\sequences\uvm_reg_bit_bash_seq.svh ...
Done E:\dvt\D-V-T Install package\dvt_eclipse\predefined_projects\libs\uvm-1.2\src\reg\sequences\uvm_reg_bit_bash_seq.svh [3 ms, 303 lines, SystemVerilog_2012] ...
Loading (139) E:\dvt\D-V-T Install package\dvt_eclipse\predefined_projects\libs\uvm-1.2\src\reg\sequences\uvm_mem_walk_seq.svh ...
Done E:\dvt\D-V-T Install package\dvt_eclipse\predefined_projects\libs\uvm-1.2\src\reg\sequences\uvm_mem_walk_seq.svh [2 ms, 300 lines, SystemVerilog_2012] ...
Loading (140) E:\dvt\D-V-T Install package\dvt_eclipse\predefined_projects\libs\uvm-1.2\src\reg\sequences\uvm_mem_access_seq.svh ...
Done E:\dvt\D-V-T Install package\dvt_eclipse\predefined_projects\libs\uvm-1.2\src\reg\sequences\uvm_mem_access_seq.svh [2 ms, 308 lines, SystemVerilog_2012] ...
Loading (141) E:\dvt\D-V-T Install package\dvt_eclipse\predefined_projects\libs\uvm-1.2\src\reg\sequences\uvm_reg_access_seq.svh ...
Done E:\dvt\D-V-T Install package\dvt_eclipse\predefined_projects\libs\uvm-1.2\src\reg\sequences\uvm_reg_access_seq.svh [3 ms, 366 lines, SystemVerilog_2012] ...
Loading (142) E:\dvt\D-V-T Install package\dvt_eclipse\predefined_projects\libs\uvm-1.2\src\reg\sequences\uvm_reg_mem_shared_access_seq.svh ...
Done E:\dvt\D-V-T Install package\dvt_eclipse\predefined_projects\libs\uvm-1.2\src\reg\sequences\uvm_reg_mem_shared_access_seq.svh [3 ms, 486 lines, SystemVerilog_2012] ...
Loading (143) E:\dvt\D-V-T Install package\dvt_eclipse\predefined_projects\libs\uvm-1.2\src\reg\sequences\uvm_reg_mem_built_in_seq.svh ...
Done E:\dvt\D-V-T Install package\dvt_eclipse\predefined_projects\libs\uvm-1.2\src\reg\sequences\uvm_reg_mem_built_in_seq.svh [3 ms, 139 lines, SystemVerilog_2012] ...
Loading (144) E:\dvt\D-V-T Install package\dvt_eclipse\predefined_projects\libs\uvm-1.2\src\reg\sequences\uvm_reg_mem_hdl_paths_seq.svh ...
Done E:\dvt\D-V-T Install package\dvt_eclipse\predefined_projects\libs\uvm-1.2\src\reg\sequences\uvm_reg_mem_hdl_paths_seq.svh [5 ms, 175 lines, SystemVerilog_2012] ...
Done E:\dvt\D-V-T Install package\dvt_eclipse\predefined_projects\libs\uvm-1.2\src\reg\uvm_reg_model.svh [0 ms, 444 lines, SystemVerilog_2012] ...
Done E:\dvt\D-V-T Install package\dvt_eclipse\predefined_projects\libs\uvm-1.2\src\uvm_pkg.sv [0 ms, 43 lines, SystemVerilog_2012] ...
Loading (145) C:\Users\lxy\Desktop\UVM\fetch_tb\rtl\common.sv ...
Done C:\Users\lxy\Desktop\UVM\fetch_tb\rtl\common.sv [2 ms, 152 lines, SystemVerilog_2012] ...
Loading (146) C:\Users\lxy\Desktop\UVM\fetch_tb\rtl\fetch_stage.sv ...
Done C:\Users\lxy\Desktop\UVM\fetch_tb\rtl\fetch_stage.sv [4 ms, 349 lines, SystemVerilog_2012] ...
Loading (147) C:\Users\lxy\Desktop\UVM\fetch_tb\rtl\ifu.sv ...
Done C:\Users\lxy\Desktop\UVM\fetch_tb\rtl\ifu.sv [1 ms, 54 lines, SystemVerilog_2012] ...
Loading (148) C:\Users\lxy\Desktop\UVM\fetch_tb\rtl\program_memory.sv ...
Done C:\Users\lxy\Desktop\UVM\fetch_tb\rtl\program_memory.sv [0 ms, 247 lines, SystemVerilog_2012] ...
Loading (149) C:\Users\lxy\Desktop\UVM\fetch_tb\agents\if_id_agent\if_id_if.sv ...
Done C:\Users\lxy\Desktop\UVM\fetch_tb\agents\if_id_agent\if_id_if.sv [0 ms, 26 lines, SystemVerilog_2012] ...
Loading (150) C:\Users\lxy\Desktop\UVM\fetch_tb\agents\bpu_agent\bpu_if.sv ...
Done C:\Users\lxy\Desktop\UVM\fetch_tb\agents\bpu_agent\bpu_if.sv [1 ms, 16 lines, SystemVerilog_2012] ...
Loading (151) C:\Users\lxy\Desktop\UVM\fetch_tb\agents\exec_agent\exec_if.sv ...
Done C:\Users\lxy\Desktop\UVM\fetch_tb\agents\exec_agent\exec_if.sv [0 ms, 17 lines, SystemVerilog_2012] ...
Loading (152) C:\Users\lxy\Desktop\UVM\fetch_tb\agents\if_id_agent\if_id_agent_pkg.sv ...
Skip (optimized) E:\dvt\D-V-T Install package\dvt_eclipse\predefined_projects\libs\uvm-1.2\src\uvm_macros.svh ...
Loading (153) C:\Users\lxy\Desktop\UVM\fetch_tb\agents\if_id_agent\if_id_seq_item.svh ...
Done C:\Users\lxy\Desktop\UVM\fetch_tb\agents\if_id_agent\if_id_seq_item.svh [9 ms, 34 lines, SystemVerilog_2012] ...
Loading (154) C:\Users\lxy\Desktop\UVM\fetch_tb\agents\if_id_agent\if_id_agent_config.svh ...
Done C:\Users\lxy\Desktop\UVM\fetch_tb\agents\if_id_agent\if_id_agent_config.svh [0 ms, 16 lines, SystemVerilog_2012] ...
Loading (155) C:\Users\lxy\Desktop\UVM\fetch_tb\agents\if_id_agent\if_id_monitor.svh ...
Done C:\Users\lxy\Desktop\UVM\fetch_tb\agents\if_id_agent\if_id_monitor.svh [1 ms, 52 lines, SystemVerilog_2012] ...
Loading (156) C:\Users\lxy\Desktop\UVM\fetch_tb\agents\if_id_agent\if_id_agent.svh ...
Done C:\Users\lxy\Desktop\UVM\fetch_tb\agents\if_id_agent\if_id_agent.svh [0 ms, 54 lines, SystemVerilog_2012] ...
Done C:\Users\lxy\Desktop\UVM\fetch_tb\agents\if_id_agent\if_id_agent_pkg.sv [0 ms, 18 lines, SystemVerilog_2012] ...
Loading (157) C:\Users\lxy\Desktop\UVM\fetch_tb\agents\bpu_agent\bpu_agent_pkg.sv ...
Skip (optimized) E:\dvt\D-V-T Install package\dvt_eclipse\predefined_projects\libs\uvm-1.2\src\uvm_macros.svh ...
Loading (158) C:\Users\lxy\Desktop\UVM\fetch_tb\agents\bpu_agent\bpu_seq_item.svh ...
Done C:\Users\lxy\Desktop\UVM\fetch_tb\agents\bpu_agent\bpu_seq_item.svh [2 ms, 20 lines, SystemVerilog_2012] ...
Loading (159) C:\Users\lxy\Desktop\UVM\fetch_tb\agents\bpu_agent\bpu_agent_config.svh ...
Done C:\Users\lxy\Desktop\UVM\fetch_tb\agents\bpu_agent\bpu_agent_config.svh [1 ms, 16 lines, SystemVerilog_2012] ...
Loading (160) C:\Users\lxy\Desktop\UVM\fetch_tb\agents\bpu_agent\bpu_driver.svh ...
Done C:\Users\lxy\Desktop\UVM\fetch_tb\agents\bpu_agent\bpu_driver.svh [0 ms, 64 lines, SystemVerilog_2012] ...
Loading (161) C:\Users\lxy\Desktop\UVM\fetch_tb\agents\bpu_agent\bpu_monitor.svh ...
Done C:\Users\lxy\Desktop\UVM\fetch_tb\agents\bpu_agent\bpu_monitor.svh [1 ms, 44 lines, SystemVerilog_2012] ...
Loading (162) C:\Users\lxy\Desktop\UVM\fetch_tb\agents\bpu_agent\bpu_predictor.svh ...
Done C:\Users\lxy\Desktop\UVM\fetch_tb\agents\bpu_agent\bpu_predictor.svh [0 ms, 21 lines, SystemVerilog_2012] ...
Loading (163) C:\Users\lxy\Desktop\UVM\fetch_tb\agents\bpu_agent\bpu_agent.svh ...
Done C:\Users\lxy\Desktop\UVM\fetch_tb\agents\bpu_agent\bpu_agent.svh [0 ms, 52 lines, SystemVerilog_2012] ...
Loading (164) C:\Users\lxy\Desktop\UVM\fetch_tb\agents\bpu_agent\bpu_seq.svh ...
Done C:\Users\lxy\Desktop\UVM\fetch_tb\agents\bpu_agent\bpu_seq.svh [1 ms, 22 lines, SystemVerilog_2012] ...
Done C:\Users\lxy\Desktop\UVM\fetch_tb\agents\bpu_agent\bpu_agent_pkg.sv [0 ms, 21 lines, SystemVerilog_2012] ...
Loading (165) C:\Users\lxy\Desktop\UVM\fetch_tb\agents\exec_agent\exec_agent_pkg.sv ...
Skip (optimized) E:\dvt\D-V-T Install package\dvt_eclipse\predefined_projects\libs\uvm-1.2\src\uvm_macros.svh ...
Loading (166) C:\Users\lxy\Desktop\UVM\fetch_tb\agents\exec_agent\exec_seq_item.svh ...
Done C:\Users\lxy\Desktop\UVM\fetch_tb\agents\exec_agent\exec_seq_item.svh [5 ms, 27 lines, SystemVerilog_2012] ...
Loading (167) C:\Users\lxy\Desktop\UVM\fetch_tb\agents\exec_agent\exec_agent_config.svh ...
Done C:\Users\lxy\Desktop\UVM\fetch_tb\agents\exec_agent\exec_agent_config.svh [0 ms, 16 lines, SystemVerilog_2012] ...
Loading (168) C:\Users\lxy\Desktop\UVM\fetch_tb\agents\exec_agent\exec_driver.svh ...
Done C:\Users\lxy\Desktop\UVM\fetch_tb\agents\exec_agent\exec_driver.svh [1 ms, 41 lines, SystemVerilog_2012] ...
Loading (169) C:\Users\lxy\Desktop\UVM\fetch_tb\agents\exec_agent\exec_monitor.svh ...
Done C:\Users\lxy\Desktop\UVM\fetch_tb\agents\exec_agent\exec_monitor.svh [33 ms, 46 lines, SystemVerilog_2012] ...
Loading (170) C:\Users\lxy\Desktop\UVM\fetch_tb\agents\exec_agent\exec_agent.svh ...
Done C:\Users\lxy\Desktop\UVM\fetch_tb\agents\exec_agent\exec_agent.svh [1 ms, 50 lines, SystemVerilog_2012] ...
Loading (171) C:\Users\lxy\Desktop\UVM\fetch_tb\agents\exec_agent\exec_seq.svh ...
Done C:\Users\lxy\Desktop\UVM\fetch_tb\agents\exec_agent\exec_seq.svh [1 ms, 22 lines, SystemVerilog_2012] ...
Done C:\Users\lxy\Desktop\UVM\fetch_tb\agents\exec_agent\exec_agent_pkg.sv [0 ms, 18 lines, SystemVerilog_2012] ...
Loading (172) C:\Users\lxy\Desktop\UVM\fetch_tb\env\fetch_env_pkg.sv ...
Skip (optimized) E:\dvt\D-V-T Install package\dvt_eclipse\predefined_projects\libs\uvm-1.2\src\uvm_macros.svh ...
Loading (173) C:\Users\lxy\Desktop\UVM\fetch_tb\env\fetch_env_config.svh ...
Done C:\Users\lxy\Desktop\UVM\fetch_tb\env\fetch_env_config.svh [0 ms, 19 lines, SystemVerilog_2012] ...
Loading (174) C:\Users\lxy\Desktop\UVM\fetch_tb\env\refmod.svh ...
Done C:\Users\lxy\Desktop\UVM\fetch_tb\env\refmod.svh [2 ms, 141 lines, SystemVerilog_2012] ...
Loading (175) C:\Users\lxy\Desktop\UVM\fetch_tb\env\if_scoreboard.svh ...
Done C:\Users\lxy\Desktop\UVM\fetch_tb\env\if_scoreboard.svh [1 ms, 91 lines, SystemVerilog_2012] ...
Loading (176) C:\Users\lxy\Desktop\UVM\fetch_tb\env\fetch_env.svh ...
Done C:\Users\lxy\Desktop\UVM\fetch_tb\env\fetch_env.svh [0 ms, 42 lines, SystemVerilog_2012] ...
Done C:\Users\lxy\Desktop\UVM\fetch_tb\env\fetch_env_pkg.sv [0 ms, 19 lines, SystemVerilog_2012] ...
Loading (177) C:\Users\lxy\Desktop\UVM\fetch_tb\uvm_tb\sequence\seq_pkg.sv ...
Skip (optimized) E:\dvt\D-V-T Install package\dvt_eclipse\predefined_projects\libs\uvm-1.2\src\uvm_macros.svh ...
Loading (178) C:\Users\lxy\Desktop\UVM\fetch_tb\uvm_tb\sequence\exec_base_seq.svh ...
Done C:\Users\lxy\Desktop\UVM\fetch_tb\uvm_tb\sequence\exec_base_seq.svh [3 ms, 38 lines, SystemVerilog_2012] ...
Loading (179) C:\Users\lxy\Desktop\UVM\fetch_tb\uvm_tb\sequence\bpu_base_seq.svh ...
Done C:\Users\lxy\Desktop\UVM\fetch_tb\uvm_tb\sequence\bpu_base_seq.svh [2 ms, 36 lines, SystemVerilog_2012] ...
Loading (180) C:\Users\lxy\Desktop\UVM\fetch_tb\uvm_tb\sequence\bpu_weighted_random_seq.svh ...
Done C:\Users\lxy\Desktop\UVM\fetch_tb\uvm_tb\sequence\bpu_weighted_random_seq.svh [2 ms, 29 lines, SystemVerilog_2012] ...
Loading (181) C:\Users\lxy\Desktop\UVM\fetch_tb\uvm_tb\sequence\exec_weighted_random_seq.svh ...
Done C:\Users\lxy\Desktop\UVM\fetch_tb\uvm_tb\sequence\exec_weighted_random_seq.svh [3 ms, 37 lines, SystemVerilog_2012] ...
Loading (182) C:\Users\lxy\Desktop\UVM\fetch_tb\uvm_tb\sequence\exec_pc_redirect_conflict_seq.svh ...
Done C:\Users\lxy\Desktop\UVM\fetch_tb\uvm_tb\sequence\exec_pc_redirect_conflict_seq.svh [1 ms, 19 lines, SystemVerilog_2012] ...
Done C:\Users\lxy\Desktop\UVM\fetch_tb\uvm_tb\sequence\seq_pkg.sv [0 ms, 13 lines, SystemVerilog_2012] ...
Loading (183) C:\Users\lxy\Desktop\UVM\fetch_tb\uvm_tb\virtual_sequence\fetch_vseq_pkg.sv ...
Skip (optimized) E:\dvt\D-V-T Install package\dvt_eclipse\predefined_projects\libs\uvm-1.2\src\uvm_macros.svh ...
Loading (184) C:\Users\lxy\Desktop\UVM\fetch_tb\uvm_tb\virtual_sequence\fetch_vseq_base.svh ...
Done C:\Users\lxy\Desktop\UVM\fetch_tb\uvm_tb\virtual_sequence\fetch_vseq_base.svh [0 ms, 33 lines, SystemVerilog_2012] ...
Loading (185) C:\Users\lxy\Desktop\UVM\fetch_tb\uvm_tb\virtual_sequence\fetch_random_vseq.svh ...
Done C:\Users\lxy\Desktop\UVM\fetch_tb\uvm_tb\virtual_sequence\fetch_random_vseq.svh [1 ms, 20 lines, SystemVerilog_2012] ...
Done C:\Users\lxy\Desktop\UVM\fetch_tb\uvm_tb\virtual_sequence\fetch_vseq_pkg.sv [0 ms, 14 lines, SystemVerilog_2012] ...
Loading (186) C:\Users\lxy\Desktop\UVM\fetch_tb\uvm_tb\tests\fetch_test_pkg.sv ...
Skip (optimized) E:\dvt\D-V-T Install package\dvt_eclipse\predefined_projects\libs\uvm-1.2\src\uvm_macros.svh ...
Loading (187) C:\Users\lxy\Desktop\UVM\fetch_tb\uvm_tb\tests\fetch_test_base.svh ...
Done C:\Users\lxy\Desktop\UVM\fetch_tb\uvm_tb\tests\fetch_test_base.svh [0 ms, 49 lines, SystemVerilog_2012] ...
Loading (188) C:\Users\lxy\Desktop\UVM\fetch_tb\uvm_tb\tests\fetch_random_test.svh ...
Done C:\Users\lxy\Desktop\UVM\fetch_tb\uvm_tb\tests\fetch_random_test.svh [1 ms, 29 lines, SystemVerilog_2012] ...
Done C:\Users\lxy\Desktop\UVM\fetch_tb\uvm_tb\tests\fetch_test_pkg.sv [0 ms, 17 lines, SystemVerilog_2012] ...
Loading (189) C:\Users\lxy\Desktop\UVM\fetch_tb\uvm_tb\top_tb.sv ...
Done C:\Users\lxy\Desktop\UVM\fetch_tb\uvm_tb\top_tb.sv [1 ms, 54 lines, SystemVerilog_2012] ...
*** Done parsing [LT 603.0 ms, PT 627.0 ms, SGT 10%, UGT 11%] ***
*** Total number of lines [78 014] ***
Performing post full build actions ...
Performing post full build step 1 (SRI) [1 ms] ...
Performing post full build step 2 (RI) [2 ms] ...
Performing post full build step 3 (RCP) [11 ms] ...
*** Done SystemVerilog build [654 ms] ***
*** Start mixed mode extension build ***
Performing mixed post full build step 1 (Verilog - RI) [2 ms] ...
Performing mixed post full build step 2 (Verilog - RC) [0 ms] ...
Performing mixed post full build step 3 (Verilog - RPC) [2 ms] ...
Performing mixed post full build step 4 (Verilog - RD) [13 ms] ...
Performing mixed post full build step 5 (Verilog - FSC) [373 ms] ...
Performing mixed post full build step 6 (Verilog - EV) [252 ms] ...
Performing mixed post full build step 7 (Verilog - US) [63 ms] ...
*** Error: UNDECLARED_IDENTIFIER: Identifier 'jalr_flag' is not a member of 'exec_item'
    at line 88 in C:\Users\lxy\Desktop\UVM\fetch_tb\env\refmod.svh [compile index 178]
*** Error: UNDECLARED_IDENTIFIER: Identifier 'jalr_target_offset' is not a member of 'exec_item'
    at line 89 in C:\Users\lxy\Desktop\UVM\fetch_tb\env\refmod.svh [compile index 178]
*** Error: UNDECLARED_IDENTIFIER: Identifier 'jalr_target_offset' is not a member of 'EXEC'
    at line 15 in C:\Users\lxy\Desktop\UVM\fetch_tb\uvm_tb\top_tb.sv [compile index 196]
*** Error: UNDECLARED_IDENTIFIER: Identifier 'jalr_flag' is not a member of 'EXEC'
    at line 16 in C:\Users\lxy\Desktop\UVM\fetch_tb\uvm_tb\top_tb.sv [compile index 196]
*** Error: METHOD_CALL_ARGUMENTS: Expecting maximum '0' arguments when calling 'get_target', found '1'
    at line 40 in C:\Users\lxy\Desktop\UVM\fetch_tb\agents\bpu_agent\bpu_driver.svh [compile index 162]
*** Error: NON_EXISTING_TYPE: Non existing type 'if_id_sequence_item'
    at line 34 in C:\Users\lxy\Desktop\UVM\fetch_tb\env\if_scoreboard.svh [compile index 179]
*** Error: NON_EXISTING_TYPE: Non existing type 'if_id_sequence_item'
    at line 36 in C:\Users\lxy\Desktop\UVM\fetch_tb\env\if_scoreboard.svh [compile index 179]
*** Error: UNDECLARED_IDENTIFIER: Identifier 'if_id_sequence_item' is not declared
    at line 9 in C:\Users\lxy\Desktop\UVM\fetch_tb\env\if_scoreboard.svh [compile index 179]
*** Error: NON_EXISTING_TYPE: Non existing type 'if_id_sequence_item'
    at line 56 in C:\Users\lxy\Desktop\UVM\fetch_tb\env\if_scoreboard.svh [compile index 179]
*** Error: UNDECLARED_IDENTIFIER: Identifier 'pc_out' is not a member of 'd' (type 'if_id_sequence_item' is undeclared)
    at line 61 in C:\Users\lxy\Desktop\UVM\fetch_tb\env\if_scoreboard.svh [compile index 179]
*** Error: UNDECLARED_IDENTIFIER: Identifier 'pc_out' is not a member of 'd' (type 'if_id_sequence_item' is undeclared)
    at line 63 in C:\Users\lxy\Desktop\UVM\fetch_tb\env\if_scoreboard.svh [compile index 179]
*** Error: UNDECLARED_IDENTIFIER: Identifier 'instruction_out' is not a member of 'd' (type 'if_id_sequence_item' is undeclared)
    at line 66 in C:\Users\lxy\Desktop\UVM\fetch_tb\env\if_scoreboard.svh [compile index 179]
*** Error: UNDECLARED_IDENTIFIER: Identifier 'instruction_out' is not a member of 'd' (type 'if_id_sequence_item' is undeclared)
    at line 68 in C:\Users\lxy\Desktop\UVM\fetch_tb\env\if_scoreboard.svh [compile index 179]
*** Error: UNDECLARED_IDENTIFIER: Identifier 'pc_out' is not a member of 'd' (type 'if_id_sequence_item' is undeclared)
    at line 73 in C:\Users\lxy\Desktop\UVM\fetch_tb\env\if_scoreboard.svh [compile index 179]
*** Error: UNDECLARED_IDENTIFIER: Identifier 'instruction_out' is not a member of 'd' (type 'if_id_sequence_item' is undeclared)
    at line 73 in C:\Users\lxy\Desktop\UVM\fetch_tb\env\if_scoreboard.svh [compile index 179]
*** Error: UNDECLARED_IDENTIFIER: Identifier 'jalr_0_weight' is not a member of 'exec_weighted_random_seq'
    at line 12 in C:\Users\lxy\Desktop\UVM\fetch_tb\uvm_tb\virtual_sequence\fetch_random_vseq.svh [compile index 191]
*** Error: METHOD_CALL_ARGUMENTS: Expecting maximum '0' arguments when calling 'connect', found '1'
    at line 47 in C:\Users\lxy\Desktop\UVM\fetch_tb\agents\bpu_agent\bpu_agent.svh [compile index 165]
*** Done mixed mode extension build [714 ms] ***
*** Start adding/validating the DVT Auto-Linked resources ***
*** Done adding/validating the DVT Auto-Linked resources [2 ms] ***
*** Total build time [1s.375ms] ***
